2021-11-02 19:59:24,362:INFO:PyCaret Supervised Module
2021-11-02 19:59:24,362:INFO:ML Usecase: classification
2021-11-02 19:59:24,362:INFO:version 2.3.4
2021-11-02 19:59:24,362:INFO:Initializing setup()
2021-11-02 19:59:24,362:INFO:setup(target=buying_price, ml_usecase=classification, available_plots={'parameter': 'Hyperparameters', 'auc': 'AUC', 'confusion_matrix': 'Confusion Matrix', 'threshold': 'Threshold', 'pr': 'Precision Recall', 'error': 'Prediction Error', 'class_report': 'Class Report', 'rfe': 'Feature Selection', 'learning': 'Learning Curve', 'manifold': 'Manifold Learning', 'calibration': 'Calibration Curve', 'vc': 'Validation Curve', 'dimension': 'Dimensions', 'feature': 'Feature Importance', 'feature_all': 'Feature Importance (All)', 'boundary': 'Decision Boundary', 'lift': 'Lift Chart', 'gain': 'Gain Chart', 'tree': 'Decision Tree', 'ks': 'KS Statistic Plot'}, train_size=0.7, test_data=None, preprocess=True, imputation_type=simple, iterative_imputation_iters=5, categorical_features=None, categorical_imputation=constant, categorical_iterative_imputer=lightgbm, ordinal_features=None, high_cardinality_features=None, high_cardinality_method=frequency, numeric_features=None, numeric_imputation=mean, numeric_iterative_imputer=lightgbm, date_features=None, ignore_features=None, normalize=False, normalize_method=zscore, transformation=False, transformation_method=yeo-johnson, handle_unknown_categorical=True, unknown_categorical_method=least_frequent, pca=False, pca_method=linear, pca_components=None, ignore_low_variance=False, combine_rare_levels=False, rare_level_threshold=0.1, bin_numeric_features=None, remove_outliers=False, outliers_threshold=0.05, remove_multicollinearity=False, multicollinearity_threshold=0.9, remove_perfect_collinearity=True, create_clusters=False, cluster_iter=20, polynomial_features=False, polynomial_degree=2, trigonometry_features=False, polynomial_threshold=0.1, group_features=None, group_names=None, feature_selection=False, feature_selection_threshold=0.8, feature_selection_method=classic, feature_interaction=False, feature_ratio=False, interaction_threshold=0.01, fix_imbalance=False, fix_imbalance_method=None, transform_target=False, transform_target_method=box-cox, data_split_shuffle=True, data_split_stratify=False, fold_strategy=stratifiedkfold, fold=10, fold_shuffle=False, fold_groups=None, n_jobs=-1, use_gpu=False, custom_pipeline=None, html=True, session_id=1, log_experiment=False, experiment_name=None, log_plots=False, log_profile=False, log_data=False, silent=False, verbose=True, profile=False, profile_kwargs=None, display=None)
2021-11-02 19:59:24,362:INFO:Checking environment
2021-11-02 19:59:24,362:INFO:python_version: 3.7.6
2021-11-02 19:59:24,362:INFO:python_build: ('default', 'Jan  8 2020 13:42:34')
2021-11-02 19:59:24,362:INFO:machine: x86_64
2021-11-02 19:59:24,374:INFO:platform: Darwin-21.1.0-x86_64-i386-64bit
2021-11-02 19:59:24,375:INFO:Memory: svmem(total=17179869184, available=5621161984, percent=67.3, used=8799768576, free=21180416, active=5603741696, inactive=5555417088, wired=3196026880)
2021-11-02 19:59:24,376:INFO:Physical Core: 6
2021-11-02 19:59:24,376:INFO:Logical Core: 12
2021-11-02 19:59:24,376:INFO:Checking libraries
2021-11-02 19:59:24,376:INFO:pd==1.1.0
2021-11-02 19:59:24,376:INFO:numpy==1.19.5
2021-11-02 19:59:24,376:INFO:sklearn==0.23.2
2021-11-02 19:59:24,376:INFO:lightgbm==3.3.1
2021-11-02 19:59:24,377:WARNING:catboost not found
2021-11-02 19:59:24,425:INFO:xgboost==1.3.3
2021-11-02 19:59:25,037:INFO:mlflow==1.21.0
2021-11-02 19:59:25,037:INFO:Checking Exceptions
2021-11-02 19:59:25,037:INFO:Declaring global variables
2021-11-02 19:59:25,038:INFO:USI: eeb0
2021-11-02 19:59:25,038:INFO:pycaret_globals: {'master_model_container', 'fold_param', 'html_param', 'n_jobs_param', 'logging_param', 'pycaret_globals', 'fold_groups_param_full', 'USI', '_gpu_n_jobs_param', 'exp_name_log', 'fold_groups_param', 'imputation_classifier', 'X_train', '_all_models_internal', 'fix_imbalance_method_param', 'iterative_imputation_iters_param', 'display_container', 'gpu_param', 'stratify_param', 'y_test', 'seed', 'imputation_regressor', 'log_plots_param', '_internal_pipeline', '_available_plots', 'fold_shuffle_param', 'y_train', 'transform_target_method_param', 'create_model_container', 'transform_target_param', 'X', '_ml_usecase', 'data_before_preprocess', 'experiment__', '_all_models', 'y', 'fix_imbalance_param', 'X_test', '_all_metrics', 'target_param', 'prep_pipe', 'fold_generator'}
2021-11-02 19:59:25,038:INFO:Preparing display monitor
2021-11-02 19:59:25,038:INFO:Preparing display monitor
2021-11-02 19:59:25,055:INFO:Importing libraries
2021-11-02 19:59:25,055:INFO:Copying data for preprocessing
2021-11-02 19:59:25,064:INFO:Declaring preprocessing parameters
2021-11-02 19:59:25,065:INFO:Creating preprocessing pipeline
2021-11-02 19:59:25,071:INFO:Preprocessing pipeline created successfully
2021-11-02 19:59:25,071:ERROR:(Process Exit): setup has been interupted with user command 'quit'. setup must rerun.
2021-11-02 19:59:25,072:INFO:Creating global containers
2021-11-02 19:59:25,073:INFO:Internal pipeline: Pipeline(memory=None, steps=[('empty_step', 'passthrough')], verbose=False)
2021-11-02 19:59:33,205:WARNING:Couldn't import catboost.CatBoostClassifier
2021-11-02 19:59:33,276:WARNING:Couldn't import catboost.CatBoostClassifier
2021-11-02 19:59:33,277:INFO:Creating grid variables
2021-11-02 19:59:33,293:INFO:create_model_container: 0
2021-11-02 19:59:33,293:INFO:master_model_container: 0
2021-11-02 19:59:33,293:INFO:display_container: 1
2021-11-02 19:59:33,297:INFO:Pipeline(memory=None,
         steps=[('dtypes',
                 DataTypes_Auto_infer(categorical_features=[],
                                      display_types=True, features_todrop=[],
                                      id_columns=[],
                                      ml_usecase='classification',
                                      numerical_features=[],
                                      target='buying_price',
                                      time_features=[])),
                ('imputer',
                 Simple_Imputer(categorical_strategy='not_available',
                                fill_value_categorical=None,
                                fill_value_numerical=None,
                                numeric...
                ('scaling', 'passthrough'), ('P_transform', 'passthrough'),
                ('binn', 'passthrough'), ('rem_outliers', 'passthrough'),
                ('cluster_all', 'passthrough'),
                ('dummy', Dummify(target='buying_price')),
                ('fix_perfect', Remove_100(target='buying_price')),
                ('clean_names', Clean_Colum_Names()),
                ('feature_select', 'passthrough'), ('fix_multi', 'passthrough'),
                ('dfs', 'passthrough'), ('pca', 'passthrough')],
         verbose=False)
2021-11-02 19:59:33,297:INFO:setup() succesfully completed......................................
2021-11-02 19:59:33,359:INFO:Initializing compare_models()
2021-11-02 19:59:33,360:INFO:compare_models(include=None, fold=None, round=4, cross_validation=True, sort=Accuracy, n_select=1, budget_time=None, turbo=True, errors=ignore, fit_kwargs=None, groups=None, verbose=True, display=None, exclude=None)
2021-11-02 19:59:33,360:INFO:Checking exceptions
2021-11-02 19:59:33,361:INFO:Preparing display monitor
2021-11-02 19:59:33,361:INFO:Preparing display monitor
2021-11-02 19:59:33,394:INFO:Initializing Logistic Regression
2021-11-02 19:59:33,394:INFO:Total runtime is 4.649162292480469e-06 minutes
2021-11-02 19:59:33,404:INFO:SubProcess create_model() called ==================================
2021-11-02 19:59:33,405:INFO:Initializing create_model()
2021-11-02 19:59:33,405:INFO:create_model(estimator=lr, fold=StratifiedKFold(n_splits=10, random_state=None, shuffle=False), round=4, cross_validation=True, predict=True, fit_kwargs={}, groups=None, refit=False, verbose=False, system=False, metrics=None, add_to_model_list=True, display=<pycaret.internal.Display.Display object at 0x7f89d3e6f290>, kwargs={})
2021-11-02 19:59:33,405:INFO:Checking exceptions
2021-11-02 19:59:33,405:INFO:Importing libraries
2021-11-02 19:59:33,405:INFO:Copying training dataset
2021-11-02 19:59:33,406:INFO:Defining folds
2021-11-02 19:59:33,407:INFO:Declaring metric variables
2021-11-02 19:59:33,414:INFO:Importing untrained model
2021-11-02 19:59:33,424:INFO:Logistic Regression Imported succesfully
2021-11-02 19:59:33,441:INFO:Starting cross validation
2021-11-02 19:59:33,441:INFO:Cross validating with StratifiedKFold(n_splits=10, random_state=None, shuffle=False), n_jobs=-1
2021-11-02 19:59:39,627:INFO:Calculating mean and std
2021-11-02 19:59:39,633:INFO:Creating metrics dataframe
2021-11-02 19:59:39,650:INFO:Uploading results into container
2021-11-02 19:59:39,651:INFO:Uploading model into container now
2021-11-02 19:59:39,651:INFO:create_model_container: 1
2021-11-02 19:59:39,651:INFO:master_model_container: 1
2021-11-02 19:59:39,651:INFO:display_container: 2
2021-11-02 19:59:39,653:INFO:LogisticRegression(C=1.0, class_weight=None, dual=False, fit_intercept=True,
                   intercept_scaling=1, l1_ratio=None, max_iter=1000,
                   multi_class='auto', n_jobs=None, penalty='l2',
                   random_state=1, solver='lbfgs', tol=0.0001, verbose=0,
                   warm_start=False)
2021-11-02 19:59:39,653:INFO:create_model() succesfully completed......................................
2021-11-02 19:59:39,760:INFO:SubProcess create_model() end ==================================
2021-11-02 19:59:39,760:INFO:Creating metrics dataframe
2021-11-02 19:59:39,781:INFO:Initializing K Neighbors Classifier
2021-11-02 19:59:39,781:INFO:Total runtime is 0.10644353628158569 minutes
2021-11-02 19:59:39,790:INFO:SubProcess create_model() called ==================================
2021-11-02 19:59:39,791:INFO:Initializing create_model()
2021-11-02 19:59:39,791:INFO:create_model(estimator=knn, fold=StratifiedKFold(n_splits=10, random_state=None, shuffle=False), round=4, cross_validation=True, predict=True, fit_kwargs={}, groups=None, refit=False, verbose=False, system=False, metrics=None, add_to_model_list=True, display=<pycaret.internal.Display.Display object at 0x7f89d3e6f290>, kwargs={})
2021-11-02 19:59:39,791:INFO:Checking exceptions
2021-11-02 19:59:39,791:INFO:Importing libraries
2021-11-02 19:59:39,792:INFO:Copying training dataset
2021-11-02 19:59:39,793:INFO:Defining folds
2021-11-02 19:59:39,793:INFO:Declaring metric variables
2021-11-02 19:59:39,801:INFO:Importing untrained model
2021-11-02 19:59:39,810:INFO:K Neighbors Classifier Imported succesfully
2021-11-02 19:59:39,826:INFO:Starting cross validation
2021-11-02 19:59:39,826:INFO:Cross validating with StratifiedKFold(n_splits=10, random_state=None, shuffle=False), n_jobs=-1
2021-11-02 19:59:41,684:INFO:Calculating mean and std
2021-11-02 19:59:41,685:INFO:Creating metrics dataframe
2021-11-02 19:59:41,690:INFO:Uploading results into container
2021-11-02 19:59:41,690:INFO:Uploading model into container now
2021-11-02 19:59:41,690:INFO:create_model_container: 2
2021-11-02 19:59:41,690:INFO:master_model_container: 2
2021-11-02 19:59:41,690:INFO:display_container: 2
2021-11-02 19:59:41,691:INFO:KNeighborsClassifier(algorithm='auto', leaf_size=30, metric='minkowski',
                     metric_params=None, n_jobs=-1, n_neighbors=5, p=2,
                     weights='uniform')
2021-11-02 19:59:41,691:INFO:create_model() succesfully completed......................................
2021-11-02 19:59:41,760:INFO:SubProcess create_model() end ==================================
2021-11-02 19:59:41,760:INFO:Creating metrics dataframe
2021-11-02 19:59:41,782:INFO:Initializing Naive Bayes
2021-11-02 19:59:41,782:INFO:Total runtime is 0.13979533513387044 minutes
2021-11-02 19:59:41,791:INFO:SubProcess create_model() called ==================================
2021-11-02 19:59:41,791:INFO:Initializing create_model()
2021-11-02 19:59:41,792:INFO:create_model(estimator=nb, fold=StratifiedKFold(n_splits=10, random_state=None, shuffle=False), round=4, cross_validation=True, predict=True, fit_kwargs={}, groups=None, refit=False, verbose=False, system=False, metrics=None, add_to_model_list=True, display=<pycaret.internal.Display.Display object at 0x7f89d3e6f290>, kwargs={})
2021-11-02 19:59:41,792:INFO:Checking exceptions
2021-11-02 19:59:41,792:INFO:Importing libraries
2021-11-02 19:59:41,792:INFO:Copying training dataset
2021-11-02 19:59:41,793:INFO:Defining folds
2021-11-02 19:59:41,793:INFO:Declaring metric variables
2021-11-02 19:59:41,801:INFO:Importing untrained model
2021-11-02 19:59:41,809:INFO:Naive Bayes Imported succesfully
2021-11-02 19:59:41,825:INFO:Starting cross validation
2021-11-02 19:59:41,826:INFO:Cross validating with StratifiedKFold(n_splits=10, random_state=None, shuffle=False), n_jobs=-1
2021-11-02 19:59:41,879:INFO:Calculating mean and std
2021-11-02 19:59:41,880:INFO:Creating metrics dataframe
2021-11-02 19:59:41,883:INFO:Uploading results into container
2021-11-02 19:59:41,884:INFO:Uploading model into container now
2021-11-02 19:59:41,884:INFO:create_model_container: 3
2021-11-02 19:59:41,884:INFO:master_model_container: 3
2021-11-02 19:59:41,884:INFO:display_container: 2
2021-11-02 19:59:41,884:INFO:GaussianNB(priors=None, var_smoothing=1e-09)
2021-11-02 19:59:41,884:INFO:create_model() succesfully completed......................................
2021-11-02 19:59:41,941:INFO:SubProcess create_model() end ==================================
2021-11-02 19:59:41,941:INFO:Creating metrics dataframe
2021-11-02 19:59:41,962:INFO:Initializing Decision Tree Classifier
2021-11-02 19:59:41,962:INFO:Total runtime is 0.14280248483022054 minutes
2021-11-02 19:59:41,972:INFO:SubProcess create_model() called ==================================
2021-11-02 19:59:41,972:INFO:Initializing create_model()
2021-11-02 19:59:41,972:INFO:create_model(estimator=dt, fold=StratifiedKFold(n_splits=10, random_state=None, shuffle=False), round=4, cross_validation=True, predict=True, fit_kwargs={}, groups=None, refit=False, verbose=False, system=False, metrics=None, add_to_model_list=True, display=<pycaret.internal.Display.Display object at 0x7f89d3e6f290>, kwargs={})
2021-11-02 19:59:41,972:INFO:Checking exceptions
2021-11-02 19:59:41,973:INFO:Importing libraries
2021-11-02 19:59:41,973:INFO:Copying training dataset
2021-11-02 19:59:41,974:INFO:Defining folds
2021-11-02 19:59:41,974:INFO:Declaring metric variables
2021-11-02 19:59:41,983:INFO:Importing untrained model
2021-11-02 19:59:41,992:INFO:Decision Tree Classifier Imported succesfully
2021-11-02 19:59:42,008:INFO:Starting cross validation
2021-11-02 19:59:42,009:INFO:Cross validating with StratifiedKFold(n_splits=10, random_state=None, shuffle=False), n_jobs=-1
2021-11-02 19:59:42,062:INFO:Calculating mean and std
2021-11-02 19:59:42,063:INFO:Creating metrics dataframe
2021-11-02 19:59:42,068:INFO:Uploading results into container
2021-11-02 19:59:42,068:INFO:Uploading model into container now
2021-11-02 19:59:42,068:INFO:create_model_container: 4
2021-11-02 19:59:42,068:INFO:master_model_container: 4
2021-11-02 19:59:42,068:INFO:display_container: 2
2021-11-02 19:59:42,068:INFO:DecisionTreeClassifier(ccp_alpha=0.0, class_weight=None, criterion='gini',
                       max_depth=None, max_features=None, max_leaf_nodes=None,
                       min_impurity_decrease=0.0, min_impurity_split=None,
                       min_samples_leaf=1, min_samples_split=2,
                       min_weight_fraction_leaf=0.0, presort='deprecated',
                       random_state=1, splitter='best')
2021-11-02 19:59:42,068:INFO:create_model() succesfully completed......................................
2021-11-02 19:59:42,128:INFO:SubProcess create_model() end ==================================
2021-11-02 19:59:42,128:INFO:Creating metrics dataframe
2021-11-02 19:59:42,148:INFO:Initializing SVM - Linear Kernel
2021-11-02 19:59:42,148:INFO:Total runtime is 0.14590131839116413 minutes
2021-11-02 19:59:42,157:INFO:SubProcess create_model() called ==================================
2021-11-02 19:59:42,157:INFO:Initializing create_model()
2021-11-02 19:59:42,157:INFO:create_model(estimator=svm, fold=StratifiedKFold(n_splits=10, random_state=None, shuffle=False), round=4, cross_validation=True, predict=True, fit_kwargs={}, groups=None, refit=False, verbose=False, system=False, metrics=None, add_to_model_list=True, display=<pycaret.internal.Display.Display object at 0x7f89d3e6f290>, kwargs={})
2021-11-02 19:59:42,157:INFO:Checking exceptions
2021-11-02 19:59:42,157:INFO:Importing libraries
2021-11-02 19:59:42,157:INFO:Copying training dataset
2021-11-02 19:59:42,158:INFO:Defining folds
2021-11-02 19:59:42,158:INFO:Declaring metric variables
2021-11-02 19:59:42,166:INFO:Importing untrained model
2021-11-02 19:59:42,176:INFO:SVM - Linear Kernel Imported succesfully
2021-11-02 19:59:42,193:INFO:Starting cross validation
2021-11-02 19:59:42,194:INFO:Cross validating with StratifiedKFold(n_splits=10, random_state=None, shuffle=False), n_jobs=-1
2021-11-02 19:59:43,691:INFO:Calculating mean and std
2021-11-02 19:59:43,692:INFO:Creating metrics dataframe
2021-11-02 19:59:43,697:INFO:Uploading results into container
2021-11-02 19:59:43,697:INFO:Uploading model into container now
2021-11-02 19:59:43,697:INFO:create_model_container: 5
2021-11-02 19:59:43,697:INFO:master_model_container: 5
2021-11-02 19:59:43,697:INFO:display_container: 2
2021-11-02 19:59:43,698:INFO:SGDClassifier(alpha=0.0001, average=False, class_weight=None,
              early_stopping=False, epsilon=0.1, eta0=0.001, fit_intercept=True,
              l1_ratio=0.15, learning_rate='optimal', loss='hinge',
              max_iter=1000, n_iter_no_change=5, n_jobs=-1, penalty='l2',
              power_t=0.5, random_state=1, shuffle=True, tol=0.001,
              validation_fraction=0.1, verbose=0, warm_start=False)
2021-11-02 19:59:43,698:INFO:create_model() succesfully completed......................................
2021-11-02 19:59:43,757:INFO:SubProcess create_model() end ==================================
2021-11-02 19:59:43,757:INFO:Creating metrics dataframe
2021-11-02 19:59:43,779:INFO:Initializing Ridge Classifier
2021-11-02 19:59:43,779:INFO:Total runtime is 0.17307516733805337 minutes
2021-11-02 19:59:43,787:INFO:SubProcess create_model() called ==================================
2021-11-02 19:59:43,787:INFO:Initializing create_model()
2021-11-02 19:59:43,788:INFO:create_model(estimator=ridge, fold=StratifiedKFold(n_splits=10, random_state=None, shuffle=False), round=4, cross_validation=True, predict=True, fit_kwargs={}, groups=None, refit=False, verbose=False, system=False, metrics=None, add_to_model_list=True, display=<pycaret.internal.Display.Display object at 0x7f89d3e6f290>, kwargs={})
2021-11-02 19:59:43,788:INFO:Checking exceptions
2021-11-02 19:59:43,788:INFO:Importing libraries
2021-11-02 19:59:43,788:INFO:Copying training dataset
2021-11-02 19:59:43,789:INFO:Defining folds
2021-11-02 19:59:43,789:INFO:Declaring metric variables
2021-11-02 19:59:43,798:INFO:Importing untrained model
2021-11-02 19:59:43,806:INFO:Ridge Classifier Imported succesfully
2021-11-02 19:59:43,821:INFO:Starting cross validation
2021-11-02 19:59:43,822:INFO:Cross validating with StratifiedKFold(n_splits=10, random_state=None, shuffle=False), n_jobs=-1
2021-11-02 19:59:43,879:INFO:Calculating mean and std
2021-11-02 19:59:43,880:INFO:Creating metrics dataframe
2021-11-02 19:59:43,884:INFO:Uploading results into container
2021-11-02 19:59:43,884:INFO:Uploading model into container now
2021-11-02 19:59:43,884:INFO:create_model_container: 6
2021-11-02 19:59:43,884:INFO:master_model_container: 6
2021-11-02 19:59:43,884:INFO:display_container: 2
2021-11-02 19:59:43,884:INFO:RidgeClassifier(alpha=1.0, class_weight=None, copy_X=True, fit_intercept=True,
                max_iter=None, normalize=False, random_state=1, solver='auto',
                tol=0.001)
2021-11-02 19:59:43,884:INFO:create_model() succesfully completed......................................
2021-11-02 19:59:43,944:INFO:SubProcess create_model() end ==================================
2021-11-02 19:59:43,945:INFO:Creating metrics dataframe
2021-11-02 19:59:43,968:INFO:Initializing Random Forest Classifier
2021-11-02 19:59:43,969:INFO:Total runtime is 0.1762411832809448 minutes
2021-11-02 19:59:43,978:INFO:SubProcess create_model() called ==================================
2021-11-02 19:59:43,978:INFO:Initializing create_model()
2021-11-02 19:59:43,979:INFO:create_model(estimator=rf, fold=StratifiedKFold(n_splits=10, random_state=None, shuffle=False), round=4, cross_validation=True, predict=True, fit_kwargs={}, groups=None, refit=False, verbose=False, system=False, metrics=None, add_to_model_list=True, display=<pycaret.internal.Display.Display object at 0x7f89d3e6f290>, kwargs={})
2021-11-02 19:59:43,979:INFO:Checking exceptions
2021-11-02 19:59:43,979:INFO:Importing libraries
2021-11-02 19:59:43,979:INFO:Copying training dataset
2021-11-02 19:59:43,980:INFO:Defining folds
2021-11-02 19:59:43,980:INFO:Declaring metric variables
2021-11-02 19:59:43,989:INFO:Importing untrained model
2021-11-02 19:59:43,998:INFO:Random Forest Classifier Imported succesfully
2021-11-02 19:59:44,014:INFO:Starting cross validation
2021-11-02 19:59:44,015:INFO:Cross validating with StratifiedKFold(n_splits=10, random_state=None, shuffle=False), n_jobs=-1
2021-11-02 19:59:45,080:INFO:Calculating mean and std
2021-11-02 19:59:45,081:INFO:Creating metrics dataframe
2021-11-02 19:59:45,085:INFO:Uploading results into container
2021-11-02 19:59:45,085:INFO:Uploading model into container now
2021-11-02 19:59:45,085:INFO:create_model_container: 7
2021-11-02 19:59:45,085:INFO:master_model_container: 7
2021-11-02 19:59:45,085:INFO:display_container: 2
2021-11-02 19:59:45,086:INFO:RandomForestClassifier(bootstrap=True, ccp_alpha=0.0, class_weight=None,
                       criterion='gini', max_depth=None, max_features='auto',
                       max_leaf_nodes=None, max_samples=None,
                       min_impurity_decrease=0.0, min_impurity_split=None,
                       min_samples_leaf=1, min_samples_split=2,
                       min_weight_fraction_leaf=0.0, n_estimators=100,
                       n_jobs=-1, oob_score=False, random_state=1, verbose=0,
                       warm_start=False)
2021-11-02 19:59:45,086:INFO:create_model() succesfully completed......................................
2021-11-02 19:59:45,146:INFO:SubProcess create_model() end ==================================
2021-11-02 19:59:45,147:INFO:Creating metrics dataframe
2021-11-02 19:59:45,170:INFO:Initializing Quadratic Discriminant Analysis
2021-11-02 19:59:45,170:INFO:Total runtime is 0.19626840353012082 minutes
2021-11-02 19:59:45,179:INFO:SubProcess create_model() called ==================================
2021-11-02 19:59:45,179:INFO:Initializing create_model()
2021-11-02 19:59:45,179:INFO:create_model(estimator=qda, fold=StratifiedKFold(n_splits=10, random_state=None, shuffle=False), round=4, cross_validation=True, predict=True, fit_kwargs={}, groups=None, refit=False, verbose=False, system=False, metrics=None, add_to_model_list=True, display=<pycaret.internal.Display.Display object at 0x7f89d3e6f290>, kwargs={})
2021-11-02 19:59:45,180:INFO:Checking exceptions
2021-11-02 19:59:45,180:INFO:Importing libraries
2021-11-02 19:59:45,180:INFO:Copying training dataset
2021-11-02 19:59:45,181:INFO:Defining folds
2021-11-02 19:59:45,181:INFO:Declaring metric variables
2021-11-02 19:59:45,189:INFO:Importing untrained model
2021-11-02 19:59:45,197:INFO:Quadratic Discriminant Analysis Imported succesfully
2021-11-02 19:59:45,214:INFO:Starting cross validation
2021-11-02 19:59:45,214:INFO:Cross validating with StratifiedKFold(n_splits=10, random_state=None, shuffle=False), n_jobs=-1
2021-11-02 19:59:45,319:INFO:Calculating mean and std
2021-11-02 19:59:45,320:INFO:Creating metrics dataframe
2021-11-02 19:59:45,324:INFO:Uploading results into container
2021-11-02 19:59:45,324:INFO:Uploading model into container now
2021-11-02 19:59:45,324:INFO:create_model_container: 8
2021-11-02 19:59:45,324:INFO:master_model_container: 8
2021-11-02 19:59:45,324:INFO:display_container: 2
2021-11-02 19:59:45,324:INFO:QuadraticDiscriminantAnalysis(priors=None, reg_param=0.0,
                              store_covariance=False, tol=0.0001)
2021-11-02 19:59:45,324:INFO:create_model() succesfully completed......................................
2021-11-02 19:59:45,384:INFO:SubProcess create_model() end ==================================
2021-11-02 19:59:45,384:INFO:Creating metrics dataframe
2021-11-02 19:59:45,407:INFO:Initializing Ada Boost Classifier
2021-11-02 19:59:45,407:INFO:Total runtime is 0.20022138357162472 minutes
2021-11-02 19:59:45,416:INFO:SubProcess create_model() called ==================================
2021-11-02 19:59:45,416:INFO:Initializing create_model()
2021-11-02 19:59:45,417:INFO:create_model(estimator=ada, fold=StratifiedKFold(n_splits=10, random_state=None, shuffle=False), round=4, cross_validation=True, predict=True, fit_kwargs={}, groups=None, refit=False, verbose=False, system=False, metrics=None, add_to_model_list=True, display=<pycaret.internal.Display.Display object at 0x7f89d3e6f290>, kwargs={})
2021-11-02 19:59:45,417:INFO:Checking exceptions
2021-11-02 19:59:45,417:INFO:Importing libraries
2021-11-02 19:59:45,417:INFO:Copying training dataset
2021-11-02 19:59:45,418:INFO:Defining folds
2021-11-02 19:59:45,418:INFO:Declaring metric variables
2021-11-02 19:59:45,425:INFO:Importing untrained model
2021-11-02 19:59:45,433:INFO:Ada Boost Classifier Imported succesfully
2021-11-02 19:59:45,450:INFO:Starting cross validation
2021-11-02 19:59:45,450:INFO:Cross validating with StratifiedKFold(n_splits=10, random_state=None, shuffle=False), n_jobs=-1
2021-11-02 19:59:45,676:INFO:Calculating mean and std
2021-11-02 19:59:45,677:INFO:Creating metrics dataframe
2021-11-02 19:59:45,680:INFO:Uploading results into container
2021-11-02 19:59:45,680:INFO:Uploading model into container now
2021-11-02 19:59:45,680:INFO:create_model_container: 9
2021-11-02 19:59:45,680:INFO:master_model_container: 9
2021-11-02 19:59:45,681:INFO:display_container: 2
2021-11-02 19:59:45,681:INFO:AdaBoostClassifier(algorithm='SAMME.R', base_estimator=None, learning_rate=1.0,
                   n_estimators=50, random_state=1)
2021-11-02 19:59:45,681:INFO:create_model() succesfully completed......................................
2021-11-02 19:59:45,733:INFO:SubProcess create_model() end ==================================
2021-11-02 19:59:45,733:INFO:Creating metrics dataframe
2021-11-02 19:59:45,750:INFO:Initializing Gradient Boosting Classifier
2021-11-02 19:59:45,750:INFO:Total runtime is 0.20593839883804319 minutes
2021-11-02 19:59:45,757:INFO:SubProcess create_model() called ==================================
2021-11-02 19:59:45,757:INFO:Initializing create_model()
2021-11-02 19:59:45,757:INFO:create_model(estimator=gbc, fold=StratifiedKFold(n_splits=10, random_state=None, shuffle=False), round=4, cross_validation=True, predict=True, fit_kwargs={}, groups=None, refit=False, verbose=False, system=False, metrics=None, add_to_model_list=True, display=<pycaret.internal.Display.Display object at 0x7f89d3e6f290>, kwargs={})
2021-11-02 19:59:45,758:INFO:Checking exceptions
2021-11-02 19:59:45,758:INFO:Importing libraries
2021-11-02 19:59:45,758:INFO:Copying training dataset
2021-11-02 19:59:45,759:INFO:Defining folds
2021-11-02 19:59:45,759:INFO:Declaring metric variables
2021-11-02 19:59:45,767:INFO:Importing untrained model
2021-11-02 19:59:45,775:INFO:Gradient Boosting Classifier Imported succesfully
2021-11-02 19:59:45,790:INFO:Starting cross validation
2021-11-02 19:59:45,791:INFO:Cross validating with StratifiedKFold(n_splits=10, random_state=None, shuffle=False), n_jobs=-1
2021-11-02 19:59:46,501:INFO:Calculating mean and std
2021-11-02 19:59:46,502:INFO:Creating metrics dataframe
2021-11-02 19:59:46,505:INFO:Uploading results into container
2021-11-02 19:59:46,505:INFO:Uploading model into container now
2021-11-02 19:59:46,505:INFO:create_model_container: 10
2021-11-02 19:59:46,505:INFO:master_model_container: 10
2021-11-02 19:59:46,505:INFO:display_container: 2
2021-11-02 19:59:46,506:INFO:GradientBoostingClassifier(ccp_alpha=0.0, criterion='friedman_mse', init=None,
                           learning_rate=0.1, loss='deviance', max_depth=3,
                           max_features=None, max_leaf_nodes=None,
                           min_impurity_decrease=0.0, min_impurity_split=None,
                           min_samples_leaf=1, min_samples_split=2,
                           min_weight_fraction_leaf=0.0, n_estimators=100,
                           n_iter_no_change=None, presort='deprecated',
                           random_state=1, subsample=1.0, tol=0.0001,
                           validation_fraction=0.1, verbose=0,
                           warm_start=False)
2021-11-02 19:59:46,506:INFO:create_model() succesfully completed......................................
2021-11-02 19:59:46,564:INFO:SubProcess create_model() end ==================================
2021-11-02 19:59:46,564:INFO:Creating metrics dataframe
2021-11-02 19:59:46,588:INFO:Initializing Linear Discriminant Analysis
2021-11-02 19:59:46,588:INFO:Total runtime is 0.21989868084589637 minutes
2021-11-02 19:59:46,597:INFO:SubProcess create_model() called ==================================
2021-11-02 19:59:46,597:INFO:Initializing create_model()
2021-11-02 19:59:46,597:INFO:create_model(estimator=lda, fold=StratifiedKFold(n_splits=10, random_state=None, shuffle=False), round=4, cross_validation=True, predict=True, fit_kwargs={}, groups=None, refit=False, verbose=False, system=False, metrics=None, add_to_model_list=True, display=<pycaret.internal.Display.Display object at 0x7f89d3e6f290>, kwargs={})
2021-11-02 19:59:46,597:INFO:Checking exceptions
2021-11-02 19:59:46,598:INFO:Importing libraries
2021-11-02 19:59:46,598:INFO:Copying training dataset
2021-11-02 19:59:46,599:INFO:Defining folds
2021-11-02 19:59:46,599:INFO:Declaring metric variables
2021-11-02 19:59:46,606:INFO:Importing untrained model
2021-11-02 19:59:46,616:INFO:Linear Discriminant Analysis Imported succesfully
2021-11-02 19:59:46,631:INFO:Starting cross validation
2021-11-02 19:59:46,632:INFO:Cross validating with StratifiedKFold(n_splits=10, random_state=None, shuffle=False), n_jobs=-1
2021-11-02 19:59:46,703:INFO:Calculating mean and std
2021-11-02 19:59:46,703:INFO:Creating metrics dataframe
2021-11-02 19:59:46,707:INFO:Uploading results into container
2021-11-02 19:59:46,707:INFO:Uploading model into container now
2021-11-02 19:59:46,708:INFO:create_model_container: 11
2021-11-02 19:59:46,708:INFO:master_model_container: 11
2021-11-02 19:59:46,708:INFO:display_container: 2
2021-11-02 19:59:46,708:INFO:LinearDiscriminantAnalysis(n_components=None, priors=None, shrinkage=None,
                           solver='svd', store_covariance=False, tol=0.0001)
2021-11-02 19:59:46,708:INFO:create_model() succesfully completed......................................
2021-11-02 19:59:46,767:INFO:SubProcess create_model() end ==================================
2021-11-02 19:59:46,767:INFO:Creating metrics dataframe
2021-11-02 19:59:46,792:INFO:Initializing Extra Trees Classifier
2021-11-02 19:59:46,793:INFO:Total runtime is 0.22330665191014604 minutes
2021-11-02 19:59:46,801:INFO:SubProcess create_model() called ==================================
2021-11-02 19:59:46,802:INFO:Initializing create_model()
2021-11-02 19:59:46,802:INFO:create_model(estimator=et, fold=StratifiedKFold(n_splits=10, random_state=None, shuffle=False), round=4, cross_validation=True, predict=True, fit_kwargs={}, groups=None, refit=False, verbose=False, system=False, metrics=None, add_to_model_list=True, display=<pycaret.internal.Display.Display object at 0x7f89d3e6f290>, kwargs={})
2021-11-02 19:59:46,802:INFO:Checking exceptions
2021-11-02 19:59:46,802:INFO:Importing libraries
2021-11-02 19:59:46,802:INFO:Copying training dataset
2021-11-02 19:59:46,803:INFO:Defining folds
2021-11-02 19:59:46,803:INFO:Declaring metric variables
2021-11-02 19:59:46,811:INFO:Importing untrained model
2021-11-02 19:59:46,818:INFO:Extra Trees Classifier Imported succesfully
2021-11-02 19:59:46,833:INFO:Starting cross validation
2021-11-02 19:59:46,833:INFO:Cross validating with StratifiedKFold(n_splits=10, random_state=None, shuffle=False), n_jobs=-1
2021-11-02 19:59:47,823:INFO:Calculating mean and std
2021-11-02 19:59:47,824:INFO:Creating metrics dataframe
2021-11-02 19:59:47,828:INFO:Uploading results into container
2021-11-02 19:59:47,828:INFO:Uploading model into container now
2021-11-02 19:59:47,829:INFO:create_model_container: 12
2021-11-02 19:59:47,829:INFO:master_model_container: 12
2021-11-02 19:59:47,829:INFO:display_container: 2
2021-11-02 19:59:47,829:INFO:ExtraTreesClassifier(bootstrap=False, ccp_alpha=0.0, class_weight=None,
                     criterion='gini', max_depth=None, max_features='auto',
                     max_leaf_nodes=None, max_samples=None,
                     min_impurity_decrease=0.0, min_impurity_split=None,
                     min_samples_leaf=1, min_samples_split=2,
                     min_weight_fraction_leaf=0.0, n_estimators=100, n_jobs=-1,
                     oob_score=False, random_state=1, verbose=0,
                     warm_start=False)
2021-11-02 19:59:47,829:INFO:create_model() succesfully completed......................................
2021-11-02 19:59:47,887:INFO:SubProcess create_model() end ==================================
2021-11-02 19:59:47,887:INFO:Creating metrics dataframe
2021-11-02 19:59:47,914:INFO:Initializing Extreme Gradient Boosting
2021-11-02 19:59:47,914:INFO:Total runtime is 0.24199378093083695 minutes
2021-11-02 19:59:47,923:INFO:SubProcess create_model() called ==================================
2021-11-02 19:59:47,923:INFO:Initializing create_model()
2021-11-02 19:59:47,923:INFO:create_model(estimator=xgboost, fold=StratifiedKFold(n_splits=10, random_state=None, shuffle=False), round=4, cross_validation=True, predict=True, fit_kwargs={}, groups=None, refit=False, verbose=False, system=False, metrics=None, add_to_model_list=True, display=<pycaret.internal.Display.Display object at 0x7f89d3e6f290>, kwargs={})
2021-11-02 19:59:47,924:INFO:Checking exceptions
2021-11-02 19:59:47,924:INFO:Importing libraries
2021-11-02 19:59:47,924:INFO:Copying training dataset
2021-11-02 19:59:47,925:INFO:Defining folds
2021-11-02 19:59:47,925:INFO:Declaring metric variables
2021-11-02 19:59:47,933:INFO:Importing untrained model
2021-11-02 19:59:47,941:INFO:Extreme Gradient Boosting Imported succesfully
2021-11-02 19:59:47,958:INFO:Starting cross validation
2021-11-02 19:59:47,959:INFO:Cross validating with StratifiedKFold(n_splits=10, random_state=None, shuffle=False), n_jobs=-1
2021-11-02 19:59:59,092:INFO:Calculating mean and std
2021-11-02 19:59:59,093:INFO:Creating metrics dataframe
2021-11-02 19:59:59,099:INFO:Uploading results into container
2021-11-02 19:59:59,099:INFO:Uploading model into container now
2021-11-02 19:59:59,100:INFO:create_model_container: 13
2021-11-02 19:59:59,100:INFO:master_model_container: 13
2021-11-02 19:59:59,100:INFO:display_container: 2
2021-11-02 19:59:59,101:INFO:XGBClassifier(base_score=None, booster='gbtree', colsample_bylevel=None,
              colsample_bynode=None, colsample_bytree=None, gamma=None,
              gpu_id=None, importance_type='gain', interaction_constraints=None,
              learning_rate=None, max_delta_step=None, max_depth=None,
              min_child_weight=None, missing=nan, monotone_constraints=None,
              n_estimators=100, n_jobs=-1, num_parallel_tree=None,
              objective='binary:logistic', random_state=1, reg_alpha=None,
              reg_lambda=None, scale_pos_weight=None, subsample=None,
              tree_method='auto', use_label_encoder=True,
              validate_parameters=None, verbosity=0)
2021-11-02 19:59:59,101:INFO:create_model() succesfully completed......................................
2021-11-02 19:59:59,168:INFO:SubProcess create_model() end ==================================
2021-11-02 19:59:59,169:INFO:Creating metrics dataframe
2021-11-02 19:59:59,199:INFO:Initializing Light Gradient Boosting Machine
2021-11-02 19:59:59,199:INFO:Total runtime is 0.4300869504610697 minutes
2021-11-02 19:59:59,210:INFO:SubProcess create_model() called ==================================
2021-11-02 19:59:59,211:INFO:Initializing create_model()
2021-11-02 19:59:59,211:INFO:create_model(estimator=lightgbm, fold=StratifiedKFold(n_splits=10, random_state=None, shuffle=False), round=4, cross_validation=True, predict=True, fit_kwargs={}, groups=None, refit=False, verbose=False, system=False, metrics=None, add_to_model_list=True, display=<pycaret.internal.Display.Display object at 0x7f89d3e6f290>, kwargs={})
2021-11-02 19:59:59,211:INFO:Checking exceptions
2021-11-02 19:59:59,211:INFO:Importing libraries
2021-11-02 19:59:59,212:INFO:Copying training dataset
2021-11-02 19:59:59,213:INFO:Defining folds
2021-11-02 19:59:59,213:INFO:Declaring metric variables
2021-11-02 19:59:59,223:INFO:Importing untrained model
2021-11-02 19:59:59,233:INFO:Light Gradient Boosting Machine Imported succesfully
2021-11-02 19:59:59,253:INFO:Starting cross validation
2021-11-02 19:59:59,254:INFO:Cross validating with StratifiedKFold(n_splits=10, random_state=None, shuffle=False), n_jobs=-1
2021-11-02 20:00:21,764:INFO:Calculating mean and std
2021-11-02 20:00:21,765:INFO:Creating metrics dataframe
2021-11-02 20:00:21,771:INFO:Uploading results into container
2021-11-02 20:00:21,771:INFO:Uploading model into container now
2021-11-02 20:00:21,771:INFO:create_model_container: 14
2021-11-02 20:00:21,771:INFO:master_model_container: 14
2021-11-02 20:00:21,771:INFO:display_container: 2
2021-11-02 20:00:21,772:INFO:LGBMClassifier(boosting_type='gbdt', class_weight=None, colsample_bytree=1.0,
               importance_type='split', learning_rate=0.1, max_depth=-1,
               min_child_samples=20, min_child_weight=0.001, min_split_gain=0.0,
               n_estimators=100, n_jobs=-1, num_leaves=31, objective=None,
               random_state=1, reg_alpha=0.0, reg_lambda=0.0, silent='warn',
               subsample=1.0, subsample_for_bin=200000, subsample_freq=0)
2021-11-02 20:00:21,772:INFO:create_model() succesfully completed......................................
2021-11-02 20:00:21,836:INFO:SubProcess create_model() end ==================================
2021-11-02 20:00:21,836:INFO:Creating metrics dataframe
2021-11-02 20:00:21,890:INFO:Initializing create_model()
2021-11-02 20:00:21,890:INFO:create_model(estimator=GaussianNB(priors=None, var_smoothing=1e-09), fold=StratifiedKFold(n_splits=10, random_state=None, shuffle=False), round=4, cross_validation=False, predict=False, fit_kwargs={}, groups=None, refit=True, verbose=False, system=False, metrics=None, add_to_model_list=True, display=None, kwargs={})
2021-11-02 20:00:21,890:INFO:Checking exceptions
2021-11-02 20:00:21,890:INFO:Importing libraries
2021-11-02 20:00:21,891:INFO:Copying training dataset
2021-11-02 20:00:21,891:INFO:Defining folds
2021-11-02 20:00:21,891:INFO:Declaring metric variables
2021-11-02 20:00:21,891:INFO:Importing untrained model
2021-11-02 20:00:21,891:INFO:Declaring custom model
2021-11-02 20:00:21,891:INFO:Naive Bayes Imported succesfully
2021-11-02 20:00:21,892:INFO:Cross validation set to False
2021-11-02 20:00:21,892:INFO:Fitting Model
2021-11-02 20:00:21,896:INFO:GaussianNB(priors=None, var_smoothing=1e-09)
2021-11-02 20:00:21,896:INFO:create_models() succesfully completed......................................
2021-11-02 20:00:22,008:INFO:create_model_container: 14
2021-11-02 20:00:22,008:INFO:master_model_container: 14
2021-11-02 20:00:22,008:INFO:display_container: 2
2021-11-02 20:00:22,009:INFO:GaussianNB(priors=None, var_smoothing=1e-09)
2021-11-02 20:00:22,009:INFO:compare_models() succesfully completed......................................
2021-11-02 20:00:22,014:INFO:Initializing create_model()
2021-11-02 20:00:22,014:INFO:create_model(estimator=nb, fold=None, round=4, cross_validation=True, predict=True, fit_kwargs=None, groups=None, refit=True, verbose=True, system=True, metrics=None, add_to_model_list=True, display=None, kwargs={})
2021-11-02 20:00:22,014:INFO:Checking exceptions
2021-11-02 20:00:22,014:INFO:Preparing display monitor
2021-11-02 20:00:22,031:INFO:Importing libraries
2021-11-02 20:00:22,031:INFO:Copying training dataset
2021-11-02 20:00:22,032:INFO:Defining folds
2021-11-02 20:00:22,033:INFO:Declaring metric variables
2021-11-02 20:00:22,041:INFO:Importing untrained model
2021-11-02 20:00:22,048:INFO:Naive Bayes Imported succesfully
2021-11-02 20:00:22,064:INFO:Starting cross validation
2021-11-02 20:00:22,065:INFO:Cross validating with StratifiedKFold(n_splits=10, random_state=None, shuffle=False), n_jobs=-1
2021-11-02 20:00:22,115:INFO:Calculating mean and std
2021-11-02 20:00:22,116:INFO:Creating metrics dataframe
2021-11-02 20:00:22,126:INFO:Finalizing model
2021-11-02 20:00:22,130:INFO:Uploading results into container
2021-11-02 20:00:22,130:INFO:Uploading model into container now
2021-11-02 20:00:22,144:INFO:create_model_container: 15
2021-11-02 20:00:22,144:INFO:master_model_container: 15
2021-11-02 20:00:22,145:INFO:display_container: 3
2021-11-02 20:00:22,145:INFO:GaussianNB(priors=None, var_smoothing=1e-09)
2021-11-02 20:00:22,145:INFO:create_model() succesfully completed......................................
2021-11-02 20:00:22,212:INFO:Initializing tune_model()
2021-11-02 20:00:22,212:INFO:tune_model(estimator=GaussianNB(priors=None, var_smoothing=1e-09), fold=None, round=4, n_iter=10, custom_grid=None, optimize=Accuracy, custom_scorer=None, search_library=scikit-learn, search_algorithm=None, early_stopping=False, early_stopping_max_iters=10, choose_better=False, fit_kwargs=None, groups=None, return_tuner=False, verbose=True, tuner_verbose=True, display=None, kwargs={})
2021-11-02 20:00:22,212:INFO:Checking exceptions
2021-11-02 20:00:22,214:INFO:Preparing display monitor
2021-11-02 20:00:22,232:INFO:Copying training dataset
2021-11-02 20:00:22,233:INFO:Checking base model
2021-11-02 20:00:22,233:INFO:Base model : Naive Bayes
2021-11-02 20:00:22,243:INFO:Declaring metric variables
2021-11-02 20:00:22,252:INFO:Defining Hyperparameters
2021-11-02 20:00:22,313:INFO:Tuning with n_jobs=-1
2021-11-02 20:00:22,313:INFO:Initializing RandomizedSearchCV
2021-11-02 20:00:22,557:INFO:best_params: {'actual_estimator__var_smoothing': 1e-09}
2021-11-02 20:00:22,558:INFO:Hyperparameter search completed
2021-11-02 20:00:22,558:INFO:SubProcess create_model() called ==================================
2021-11-02 20:00:22,558:INFO:Initializing create_model()
2021-11-02 20:00:22,558:INFO:create_model(estimator=GaussianNB(priors=None, var_smoothing=1e-09), fold=StratifiedKFold(n_splits=10, random_state=None, shuffle=False), round=4, cross_validation=True, predict=True, fit_kwargs={}, groups=None, refit=True, verbose=True, system=False, metrics=None, add_to_model_list=True, display=<pycaret.internal.Display.Display object at 0x7f89d2dadb90>, kwargs={'var_smoothing': 1e-09})
2021-11-02 20:00:22,558:INFO:Checking exceptions
2021-11-02 20:00:22,558:INFO:Importing libraries
2021-11-02 20:00:22,558:INFO:Copying training dataset
2021-11-02 20:00:22,559:INFO:Defining folds
2021-11-02 20:00:22,559:INFO:Declaring metric variables
2021-11-02 20:00:22,569:INFO:Importing untrained model
2021-11-02 20:00:22,570:INFO:Declaring custom model
2021-11-02 20:00:22,579:INFO:Naive Bayes Imported succesfully
2021-11-02 20:00:22,597:INFO:Starting cross validation
2021-11-02 20:00:22,598:INFO:Cross validating with StratifiedKFold(n_splits=10, random_state=None, shuffle=False), n_jobs=-1
2021-11-02 20:00:22,664:INFO:Calculating mean and std
2021-11-02 20:00:22,665:INFO:Creating metrics dataframe
2021-11-02 20:00:22,676:INFO:Finalizing model
2021-11-02 20:00:22,681:INFO:Uploading results into container
2021-11-02 20:00:22,681:INFO:Uploading model into container now
2021-11-02 20:00:22,681:INFO:create_model_container: 16
2021-11-02 20:00:22,681:INFO:master_model_container: 16
2021-11-02 20:00:22,681:INFO:display_container: 4
2021-11-02 20:00:22,682:INFO:GaussianNB(priors=None, var_smoothing=1e-09)
2021-11-02 20:00:22,682:INFO:create_model() succesfully completed......................................
2021-11-02 20:00:22,742:INFO:SubProcess create_model() end ==================================
2021-11-02 20:00:22,758:INFO:create_model_container: 16
2021-11-02 20:00:22,758:INFO:master_model_container: 16
2021-11-02 20:00:22,758:INFO:display_container: 4
2021-11-02 20:00:22,759:INFO:GaussianNB(priors=None, var_smoothing=1e-09)
2021-11-02 20:00:22,759:INFO:tune_model() succesfully completed......................................
2021-11-02 20:00:22,836:INFO:Initializing predict_model()
2021-11-02 20:00:22,836:INFO:predict_model(estimator=GaussianNB(priors=None, var_smoothing=1e-09), probability_threshold=None, encoded_labels=False, raw_score=False, round=4, verbose=True, ml_usecase=MLUsecase.CLASSIFICATION, display=None)
2021-11-02 20:00:22,836:INFO:Checking exceptions
2021-11-02 20:00:22,836:INFO:Preloading libraries
2021-11-02 20:00:22,837:INFO:Preparing display monitor
